2023-06-02T07:39:05.793Z - verbose: Arguments:
2023-06-02T07:39:05.794Z - verbose:   C:\ProgramData\cocos\editors\Creator\3.7.0\CocosCreator.exe: true
2023-06-02T07:39:05.794Z - verbose:   project: C:\Users\jason\Documents\SWS\Final\GuanInShan37\guaninshan
2023-06-02T07:39:05.794Z - verbose:   dev: false
2023-06-02T07:39:05.794Z - verbose:   home: C:\Users\jason\.CocosCreator
2023-06-02T07:39:05.794Z - verbose:  
2023-06-02T07:39:10.070Z - verbose: [Package] menu@1.0.0 enable
2023-06-02T07:39:10.073Z - verbose: [Package] profile@1.0.0 enable
2023-06-02T07:39:10.085Z - verbose: [Package] project@1.0.4 enable
2023-06-02T07:39:10.092Z - verbose: [Package] messages@1.0.0 enable
2023-06-02T07:39:10.122Z - verbose: [Package] program@1.0.3 enable
2023-06-02T07:39:10.130Z - verbose: [Package] tester@1.0.0 enable
2023-06-02T07:39:10.133Z - verbose: [Package] information@1.0.0 enable
2023-06-02T07:39:10.140Z - verbose: [Package] preferences@1.0.0 enable
2023-06-02T07:39:13.128Z - log: Load engine in C:\ProgramData\cocos\editors\Creator\3.7.0\resources\resources\3d\engine
2023-06-02T07:39:13.729Z - log: Profile changed: engine (modules.includeModules: 2d,animation,audio,base,dragon-bones,gfx-webgl,gfx-webgl2,intersection-2d,light-probe,particle-2d,physics-2d-box2d,profiler,spine,tiled-map,tween,ui,video,websocket,webview)
2023-06-02T07:39:13.737Z - log: Register native engine in C:\ProgramData\cocos\editors\Creator\3.7.0\resources\resources\3d\engine\native
2023-06-02T07:39:13.740Z - verbose: [Package] engine@1.0.7 enable
2023-06-02T07:39:15.020Z - verbose: [Package] programming@1.0.0 enable
2023-06-02T07:39:15.037Z - verbose: [Package] device@1.0.1 enable
2023-06-02T07:39:15.046Z - verbose: [Package] ui-kit@1.0.1 enable
2023-06-02T07:39:15.195Z - verbose: [Package] asset-db@1.0.0 enable
2023-06-02T07:39:15.251Z - verbose: [Package] scene@1.0.0 enable
2023-06-02T07:39:15.421Z - verbose: [Package] server@1.0.0 enable
2023-06-02T07:39:15.457Z - verbose: [Package] utils@1.0.0 enable
2023-06-02T07:39:31.442Z - verbose: [Package] preview@1.0.1 enable
2023-06-02T07:39:31.477Z - verbose: [Package] animator@1.0.0 enable
2023-06-02T07:39:31.748Z - verbose: [Build-plugin] register pkg scene: 2ms
2023-06-02T07:39:31.748Z - verbose: Builder PluginManager init: 3ms
2023-06-02T07:39:31.752Z - log: Profile changed: builder (log.level: 4)
2023-06-02T07:39:31.760Z - verbose: [Package] builder@1.3.4 enable
2023-06-02T07:39:31.796Z - verbose: [Package] shortcuts@1.0.1 enable
2023-06-02T07:39:31.834Z - verbose: [Package] animation-graph@1.0.0 enable
2023-06-02T07:39:31.864Z - verbose: [Package] about@1.0.0 enable
2023-06-02T07:39:31.898Z - verbose: [Package] assets@1.0.0 enable
2023-06-02T07:39:31.928Z - verbose: [Package] console@1.0.0 enable
2023-06-02T07:39:32.313Z - verbose: [Package] crash-reporter@1.0.0 enable
2023-06-02T07:39:32.673Z - verbose: [Package] extension@3.1.0 enable
2023-06-02T07:39:32.706Z - verbose: [Package] hierarchy@1.0.0 enable
2023-06-02T07:39:32.742Z - verbose: [Package] inspector@1.0.0 enable
2023-06-02T07:39:32.780Z - verbose: [Package] light-probe@1.0.4 enable
2023-06-02T07:39:32.820Z - verbose: [Package] lightmap@1.0.4 enable
2023-06-02T07:39:32.858Z - verbose: [Package] node-library@1.0.1 enable
2023-06-02T07:39:32.884Z - verbose: [Package] package-asset@1.0.1 enable
2023-06-02T07:39:32.922Z - verbose: [Package] process@1.0.0 enable
2023-06-02T07:39:32.953Z - verbose: [Package] reference-image@1.0.0 enable
2023-06-02T07:39:33.371Z - verbose: [Package] cocos-service@3.0.7 enable
2023-06-02T07:39:33.462Z - verbose: [Build-plugin] register pkg cocos-service: 87ms
2023-06-02T07:39:33.470Z - verbose: [Package] reflection-probe@1.0.4 enable
2023-06-02T07:39:33.493Z - verbose: [Package] engine-extends@1.0.0 enable
2023-06-02T07:39:33.517Z - verbose: [Package] alipay-mini-game@1.0.1 enable
2023-06-02T07:39:33.542Z - verbose: [Package] android@1.0.1 enable
2023-06-02T07:39:33.636Z - verbose: [Package] bytedance-mini-game@1.0.2 enable
2023-06-02T07:39:33.663Z - verbose: [Package] certificate@1.0.0 enable
2023-06-02T07:39:33.690Z - verbose: [Package] channel-upload-tools@1.0.0 enable
2023-06-02T07:39:33.714Z - verbose: [Package] fb-instant-games@1.0.0 enable
2023-06-02T07:39:33.744Z - verbose: [Package] huawei-agc@1.0.0 enable
2023-06-02T07:39:33.773Z - verbose: [Package] huawei-quick-game@1.0.1 enable
2023-06-02T07:39:33.805Z - verbose: [Package] ios@1.0.0 enable
2023-06-02T07:39:33.820Z - verbose: [Build-plugin] register pkg android: 277ms
2023-06-02T07:39:33.832Z - verbose: [Package] linux@1.0.0 enable
2023-06-02T07:39:33.848Z - verbose: [Build-plugin] register pkg bytedance-mini-game: 212ms
2023-06-02T07:39:33.855Z - verbose: [Package] mac@1.0.0 enable
2023-06-02T07:39:33.967Z - verbose: [Package] native@1.0.2 enable
2023-06-02T07:39:34.056Z - verbose: [Build-plugin] register pkg native: 88ms
2023-06-02T07:39:34.059Z - verbose: [Package] ohos@1.0.0 enable
2023-06-02T07:39:34.067Z - verbose: [Build-plugin] register pkg fb-instant-games: 352ms
2023-06-02T07:39:34.071Z - verbose: [Build-plugin] register pkg ios: 266ms
2023-06-02T07:39:34.075Z - verbose: [Build-plugin] register pkg huawei-quick-game: 302ms
2023-06-02T07:39:34.078Z - verbose: [Build-plugin] register pkg huawei-agc: 334ms
2023-06-02T07:39:34.081Z - verbose: [Build-plugin] register pkg mac: 225ms
2023-06-02T07:39:34.085Z - verbose: [Package] open-harmonyos@1.0.0 enable
2023-06-02T07:39:34.108Z - verbose: [Package] oppo-mini-game@1.0.1 enable
2023-06-02T07:39:34.137Z - verbose: [Package] runtime-dev-tools@1.0.0 enable
2023-06-02T07:39:34.159Z - verbose: [Package] taobao-creative-app@1.0.0 enable
2023-06-02T07:39:34.187Z - verbose: [Package] vivo-mini-game@1.0.1 enable
2023-06-02T07:39:34.238Z - verbose: [Package] web-desktop@1.0.1 enable
2023-06-02T07:39:34.272Z - verbose: [Package] web-mobile@1.0.1 enable
2023-06-02T07:39:34.282Z - verbose: [Build-plugin] register pkg oppo-mini-game: 173ms
2023-06-02T07:39:34.306Z - verbose: [Package] wechatgame@1.0.2 enable
2023-06-02T07:39:34.334Z - verbose: [Package] windows@1.0.1 enable
2023-06-02T07:39:34.361Z - verbose: [Package] xiaomi-quick-game@1.0.1 enable
2023-06-02T07:39:34.388Z - verbose: [Build-plugin] register pkg web-mobile: 116ms
2023-06-02T07:39:34.662Z - verbose: [Package] im-plugin@3.0.10 enable
2023-06-02T07:39:34.668Z - verbose: [Build-plugin] register pkg wechatgame: 362ms
2023-06-02T07:39:34.671Z - verbose: [Build-plugin] register pkg taobao-creative-app: 512ms
2023-06-02T07:39:34.675Z - verbose: [Build-plugin] register pkg web-desktop: 437ms
2023-06-02T07:39:34.678Z - verbose: [Build-plugin] register pkg vivo-mini-game: 491ms
2023-06-02T07:39:34.682Z - verbose: [Build-plugin] register pkg windows: 348ms
2023-06-02T07:39:34.690Z - verbose: [Package] placeholder@1.0.0 enable
2023-06-02T07:39:34.895Z - verbose: [Build-plugin] register pkg xiaomi-quick-game: 534ms
2023-06-02T07:39:34.943Z - verbose: [Build-plugin] register pkg ohos: 884ms
2023-06-02T07:39:37.459Z - verbose: asset-db is ready!
2023-06-02T07:39:42.079Z - info: [Scene] [Physics][Bullet]: Using asmjs Bullet libs.
2023-06-02T07:39:42.092Z - info: [Scene] [PHYSICS]: using builtin.
2023-06-02T07:39:42.279Z - log: [Scene] Cocos Creator v3.7.0
2023-06-02T07:39:42.280Z - info: [Scene] Forward render pipeline initialized.
2023-06-02T07:39:42.437Z - info: [Scene] [PHYSICS2D]: switch from builtin to box2d.
2023-06-02T07:40:35.379Z - warn: Metrics: no valid info
